<?xml version="1.0" encoding="UTF-8"?>
<!-- Generated by org.testng.reporters.JUnitXMLReporter -->
<testsuite hostname="DESKTOP-O0RSMQB" ignored="0" name="Command line test" tests="5" failures="0" timestamp="13 Aug 2020 09:46:45 GMT" time="19.118" errors="0">
  <testcase name="GetEmp" time="8.566" classname="TestCases.GetTest"/>
  <testcase name="GetEmpByid" time="0.623" classname="TestCases.GetTest"/>
  <testcase name="createApi" time="0.904" classname="TestCases.PostTest"/>
  <testcase name="createApiByid" time="0.64" classname="TestCases.PostTest"/>
  <testcase name="tc" time="8.328" classname="TestCases.PracticeTest"/>
</testsuite> <!-- Command line test -->
